app/build/outputs/logs/manifest-merger-debug-report.txt
-- Merging decision tree log ---
manifest
ADDED from src/main/AndroidManifest.xml:5:1-61:12
INJECTED from src/main/AndroidManifest.xml:5:1-61:12
INJECTED from src/main/AndroidManifest.xml:5:1-61:12
INJECTED from src/main/AndroidManifest.xml:5:1-61:12
INJECTED from src/main/AndroidManifest.xml:5:1-61:12
INJECTED from src/main/AndroidManifest.xml:5:1-61:12
INJECTED from src/main/AndroidManifest.xml:5:1-61:12
	package
		ADDED from src/main/AndroidManifest.xml:6:5-29
		INJECTED from src/main/AndroidManifest.xml
		INJECTED from src/main/AndroidManifest.xml
	android:versionName
		ADDED from src/main/AndroidManifest.xml:8:5-30
		INJECTED from src/main/AndroidManifest.xml
		INJECTED from src/main/AndroidManifest.xml
	xmlns:android
		ADDED from src/main/AndroidManifest.xml:5:11-69
	android:versionCode
		ADDED from src/main/AndroidManifest.xml:7:5-28
		INJECTED from src/main/AndroidManifest.xml
		INJECTED from src/main/AndroidManifest.xml
	android:installLocation
		ADDED from src/main/AndroidManifest.xml:9:5-35
uses-feature#0x00020000
ADDED from src/main/AndroidManifest.xml:14:5-54
	android:glEsVersion
		ADDED from src/main/AndroidManifest.xml:14:19-51
uses-permission#android.permission.WRITE_EXTERNAL_STORAGE
ADDED from src/main/AndroidManifest.xml:17:5-81
	android:name
		ADDED from src/main/AndroidManifest.xml:17:22-78
uses-permission#android.permission.VIBRATE
ADDED from src/main/AndroidManifest.xml:19:5-66
	android:name
		ADDED from src/main/AndroidManifest.xml:19:22-63
application
ADDED from src/main/AndroidManifest.xml:32:5-59:19
	android:label
		ADDED from src/main/AndroidManifest.xml:32:18-50
	android:hardwareAccelerated
		ADDED from src/main/AndroidManifest.xml:36:9-43
	android:icon
		ADDED from src/main/AndroidManifest.xml:33:9-45
	android:allowBackup
		ADDED from src/main/AndroidManifest.xml:34:9-35
	android:theme
		ADDED from src/main/AndroidManifest.xml:35:9-67
activity#org.libsdl.app.SDLActivity
ADDED from src/main/AndroidManifest.xml:42:9-58:20
	android:label
		ADDED from src/main/AndroidManifest.xml:43:13-45
	android:configChanges
		ADDED from src/main/AndroidManifest.xml:44:13-83
	android:name
		ADDED from src/main/AndroidManifest.xml:42:19-45
intent-filter#action:name:android.intent.action.MAIN+category:name:android.intent.category.LAUNCHER
ADDED from src/main/AndroidManifest.xml:46:13-49:29
action#android.intent.action.MAIN
ADDED from src/main/AndroidManifest.xml:47:17-69
	android:name
		ADDED from src/main/AndroidManifest.xml:47:25-66
category#android.intent.category.LAUNCHER
ADDED from src/main/AndroidManifest.xml:48:17-77
	android:name
		ADDED from src/main/AndroidManifest.xml:48:27-74
uses-sdk
INJECTED from src/main/AndroidManifest.xml reason: use-sdk injection requested
INJECTED from src/main/AndroidManifest.xml
INJECTED from src/main/AndroidManifest.xml
INJECTED from src/main/AndroidManifest.xml
INJECTED from src/main/AndroidManifest.xml
	android:targetSdkVersion
		INJECTED from src/main/AndroidManifest.xml
		ADDED from src/main/AndroidManifest.xml
		INJECTED from src/main/AndroidManifest.xml
	android:minSdkVersion
		INJECTED from src/main/AndroidManifest.xml
		ADDED from src/main/AndroidManifest.xml
		INJECTED from src/main/AndroidManifest.xml